Start testing: Sep 01 14:34 IST
----------------------------------------------------------
1/28 Testing: test_board_configs
1/28 Test: test_board_configs
Command: "/Users/kartikey/Desktop/task/eos/bsan2/tests/test_board_configs" "boards"
Directory: /Users/kartikey/Desktop/task/eos
"test_board_configs" start time: Sep 01 14:34 IST
Output:
----------------------------------------------------------
=== EoS: Board Config Validation Tests ===

  Scanning: boards

  generic-cortex-a9.yaml                             [PASS]
  generic-c166.yaml                                  [PASS]
  generic-mips64.yaml                                [PASS]
  generic-pic24.yaml                                 [PASS]
  stm32h743.yaml                                     [PASS]
  generic-cortex-a5.yaml                             [PASS]
  generic-pic32.yaml                                 [PASS]
  generic-nios2.yaml                                 [PASS]
  generic-s390.yaml                                  [PASS]
  generic-sparc64.yaml                               [PASS]
  generic-sh.yaml                                    [PASS]
  stm32f4.yaml                                       [PASS]
  generic-cortex-m33.yaml                            [PASS]
  generic-xscale.yaml                                [PASS]
  generic-pic18.yaml                                 [PASS]
  generic-cortex-m55.yaml                            [PASS]
  generic-cortex-a55.yaml                            [PASS]
  generic-cortex-m0.yaml                             [PASS]
  generic-parisc.yaml                                [PASS]
  generic-c28x.yaml                                  [PASS]
  samd51.yaml                                        [PASS]
  qemu-arm64.yaml                                    [PASS]
  generic-arm9.yaml                                  [PASS]
  generic-avr32.yaml                                 [PASS]
  generic-sparc.yaml                                 [PASS]
  generic-cortex-a35.yaml                            [PASS]
  generic-cortex-m23.yaml                            [PASS]
  generic-alpha.yaml                                 [PASS]
  generic-loongarch.yaml                             [PASS]
  generic-ceva.yaml                                  [PASS]
  generic-mn103.yaml                                 [PASS]
  generic-cortex-m0plus.yaml                         [PASS]
  generic-arc.yaml                                   [PASS]
  generic-pru.yaml                                   [PASS]
  generic-lm32.yaml                                  [PASS]
  hiletgo-esp-wroom-32.yaml                          [PASS]
  generic-dspic.yaml                                 [PASS]
  stm32mp1.yaml                                      [PASS]
  raspberrypi4.yaml                                  [PASS]
  generic-esp32s3.yaml                               [PASS]
  generic-cortex-a15.yaml                            [PASS]
  generic-sharc.yaml                                 [PASS]
  generic-microblaze.yaml                            [PASS]
  generic-openrisc.yaml                              [PASS]
  generic-hexagon.yaml                               [PASS]
  generic-cris.yaml                                  [PASS]
  generic-pic16.yaml                                 [PASS]
  generic-msp430.yaml                                [PASS]
  generic-frv.yaml                                   [PASS]
  esp32.yaml                                         [PASS]
  generic-cortex-a76.yaml                            [PASS]
  generic-ia64.yaml                                  [PASS]
  generic-mips.yaml                                  [PASS]
  generic-arm7tdmi.yaml                              [PASS]
  generic-arm11.yaml                                 [PASS]
  generic-cortex-m3.yaml                             [PASS]
  tms570.yaml                                        [PASS]
  generic-blackfin.yaml                              [PASS]
  generic-powerpc.yaml                               [PASS]
  generic-avr.yaml                                   [PASS]
  generic-riscv64.yaml                               [PASS]
  generic-xtensa-hifi.yaml                           [PASS]
  generic-x86.yaml                                   [PASS]
  generic-kalimba.yaml                               [PASS]
  generic-8051.yaml                                  [PASS]
  generic-ppc64.yaml                                 [PASS]
  imx8m.yaml                                         [PASS]
  generic-h8300.yaml                                 [PASS]
  generic-rx.yaml                                    [PASS]
  nrf52840.yaml                                      [PASS]
  sifive_u.yaml                                      [PASS]
  generic-cortex-r4.yaml                             [PASS]
  generic-cortex-r52.yaml                            [PASS]
  generic-c6000.yaml                                 [PASS]
  generic-v850.yaml                                  [PASS]
  generic-strongarm.yaml                             [PASS]
  generic-cortex-m85.yaml                            [PASS]
  generic-m68k.yaml                                  [PASS]
  generic-esp32c3.yaml                               [PASS]
  generic-tricore.yaml                               [PASS]
  generic-x86_64.yaml                                [PASS]
  generic-riscv32.yaml                               [PASS]
  generic-rl78.yaml                                  [PASS]
  am64x.yaml                                         [PASS]
  HiLetGo ESP-WROOM-32 compatibility                 [PASS]

85/85 tests passed
<end of output>
Test time =   0.66 sec
----------------------------------------------------------
Test Passed.
"test_board_configs" end time: Sep 01 14:34 IST
"test_board_configs" time elapsed: 00:00:00
----------------------------------------------------------

Unable to find executable: /Users/kartikey/Desktop/task/eos/bsan2/tests/test_os_adapter
2/28 Testing: test_os_adapter
2/28 Test: test_os_adapter
Command: ""
Directory: /Users/kartikey/Desktop/task/eos/bsan2/tests
"test_os_adapter" start time: 
Output:
----------------------------------------------------------
<end of output>
Test time =   0.00 sec
----------------------------------------------------------
Test Passed.
"test_os_adapter" end time: Sep 01 14:34 IST
"test_os_adapter" time elapsed: 00:00:00
----------------------------------------------------------

3/28 Testing: test_config
3/28 Test: test_config
Command: "/Users/kartikey/Desktop/task/eos/bsan2/tests/test_config"
Directory: /Users/kartikey/Desktop/task/eos/bsan2/tests
"test_config" start time: Sep 01 14:34 IST
Output:
----------------------------------------------------------
[31m[14:34:56 ERROR][0m Cannot open config: nonexistent.yaml
[31m[14:34:56 ERROR][0m Too many packages in config (max 128); ignoring 'pkg128'
[31m[14:34:56 ERROR][0m Too many packages in config (max 128); ignoring 'pkg129'
[31m[14:34:56 ERROR][0m Too many packages in config (max 128); ignoring 'pkg130'
=== EoS Config Tests ===

test_config_init:
  PASS: default backend is ninja
  PASS: default build_dir
  PASS: default cache_dir
  PASS: default image format is raw
  PASS: default init is busybox
  PASS: no packages initially
  PASS: no layers initially
test_config_load:
  PASS: config loads successfully
  PASS: project name parsed
  PASS: project version parsed
  PASS: workspace backend parsed
  PASS: toolchain target parsed
  PASS: two layers parsed
  PASS: first layer path
  PASS: one package parsed
  PASS: package name parsed
  PASS: package version parsed
  PASS: package build type parsed
  PASS: kernel provider parsed
  PASS: rootfs provider parsed
test_package_after_dependencies:
  PASS: configuration with package dependencies loads
  PASS: two separate packages are parsed
  PASS: first package name is correct
  PASS: first package has exactly one dependency
  PASS: dependency value is correct
  PASS: package following dependency list is parsed
  PASS: second package version is parsed
test_dependencies_after_build:
  PASS: configuration with dependencies after build loads
  PASS: one package is parsed
  PASS: package name is correct
  PASS: build type before dependencies is parsed
  PASS: package has one dependency
  PASS: dependency after build is parsed
test_config_missing_file:
  PASS: returns IO error for missing file
test_config_load_package_overflow:
  PASS: config with too many packages still loads
  PASS: package_count is capped at EOS_MAX_PACKAGES, not corrupted
  PASS: first package name intact
  PASS: first package version intact
  PASS: last in-bounds package name is its own, not overwritten
  PASS: last in-bounds package version is its own, not overwritten
  PASS: last in-bounds package option_count is its own, not overwritten
test_lockfile_freshness:
  PASS: lockfile generates
  PASS: generated lockfile is current
  PASS: package order does not affect freshness
  PASS: project version change is stale
  PASS: package name change is stale
  PASS: requested version change is stale
  PASS: package source change is stale
  PASS: explicit checksum change is stale
  PASS: build type change is stale
  PASS: resolved version change is stale
  PASS: generated checksum change is stale

=== Results: 52/52 passed ===
<end of output>
Test time =   0.48 sec
----------------------------------------------------------
Test Passed.
"test_config" end time: Sep 01 14:34 IST
"test_config" time elapsed: 00:00:00
----------------------------------------------------------

4/28 Testing: test_graph
4/28 Test: test_graph
Command: "/Users/kartikey/Desktop/task/eos/bsan2/tests/test_graph"
Directory: /Users/kartikey/Desktop/task/eos/bsan2/tests
"test_graph" start time: Sep 01 14:34 IST
Output:
----------------------------------------------------------
[31m[14:34:57 ERROR][0m Dependency cycle detected in build graph
=== EoS Graph Tests ===

test_graph_init:
  PASS: empty graph has no nodes
  PASS: empty graph has no edges
  PASS: empty graph has no sorted order
test_graph_add_nodes:
  PASS: add zlib succeeds
  PASS: first node id is 0
  PASS: add busybox succeeds
  PASS: second node id is 1
  PASS: add kernel succeeds
  PASS: graph has 3 nodes
test_graph_find_node:
  PASS: find alpha returns 0
  PASS: find beta returns 1
  PASS: find nonexistent returns -1
test_topological_sort_linear:
  PASS: topological sort succeeds
  PASS: all 3 nodes sorted
  PASS: A comes before B
  PASS: B comes before C
test_topological_sort_diamond:
  PASS: diamond sort succeeds
  PASS: A comes before D in diamond
test_cycle_detection:
  PASS: cycle detected correctly
test_independent_nodes:
  PASS: independent nodes sort succeeds
  PASS: all 3 independent nodes sorted
test_invalid_inputs:
  PASS: NULL graph is rejected
  PASS: NULL node name is rejected
  PASS: empty node name is rejected
  PASS: overlong node name is rejected instead of truncated
  PASS: invalid nodes do not mutate the graph
  PASS: NULL graph edge is rejected
  PASS: find handles NULL graph
  PASS: find handles NULL name
  PASS: sort handles NULL graph

=== Results: 30/30 passed ===
<end of output>
Test time =   0.47 sec
----------------------------------------------------------
Test Passed.
"test_graph" end time: Sep 01 14:34 IST
"test_graph" time elapsed: 00:00:00
----------------------------------------------------------

5/28 Testing: test_hal
5/28 Test: test_hal
Command: "/Users/kartikey/Desktop/task/eos/bsan2/tests/test_hal"
Directory: /Users/kartikey/Desktop/task/eos/bsan2/tests
"test_hal" start time: Sep 01 14:34 IST
Output:
----------------------------------------------------------
=== EoS: HAL Unit Tests ===

  test_init_selects_the_platform_backend             [PASS]
  test_tick_source_advances                          [PASS]
  test_init_deinit                                   [PASS]
  test_gpio_write_read                               [PASS]
  test_gpio_toggle                                   [PASS]
  test_tick_counter                                  [PASS]
  test_an_application_backend_is_not_overridden      [PASS]
  test_no_backend                                    [PASS]

8/8 tests passed
<end of output>
Test time =   0.50 sec
----------------------------------------------------------
Test Passed.
"test_hal" end time: Sep 01 14:34 IST
"test_hal" time elapsed: 00:00:00
----------------------------------------------------------

6/28 Testing: test_kernel
6/28 Test: test_kernel
Command: "/Users/kartikey/Desktop/task/eos/bsan2/tests/test_kernel"
Directory: /Users/kartikey/Desktop/task/eos/bsan2/tests
"test_kernel" start time: Sep 01 14:34 IST
Output:
----------------------------------------------------------
=== EoS Kernel Tests ===
[PASS] kernel init
[PASS] task create
[PASS] task create invalid
[PASS] task delete
[PASS] task suspend/resume
[PASS] mutex
[PASS] mutex PI timeout restores owner priority
[PASS] semaphore
[PASS] queue
[PASS] queue full/peek
=== ALL KERNEL TESTS PASSED (10/10) ===
<end of output>
Test time =   0.56 sec
----------------------------------------------------------
Test Passed.
"test_kernel" end time: Sep 01 14:34 IST
"test_kernel" time elapsed: 00:00:00
----------------------------------------------------------

7/28 Testing: test_priority_inherit
7/28 Test: test_priority_inherit
Command: "/Users/kartikey/Desktop/task/eos/bsan2/tests/test_priority_inherit"
Directory: /Users/kartikey/Desktop/task/eos/bsan2/tests
"test_priority_inherit" start time: Sep 01 14:34 IST
Output:
----------------------------------------------------------
=== EoS Priority Inheritance Tests ===
[PASS] boost survives partial release
[PASS] base priority not overwritten by boost
[PASS] timeout withdraws boost
[PASS] transitive chained inheritance
[PASS] delete withdraws boost
[PASS] wait-queue overflow reports error

=== ALL 6 PRIORITY INHERITANCE TESTS PASSED ===
<end of output>
Test time =   0.47 sec
----------------------------------------------------------
Test Passed.
"test_priority_inherit" end time: Sep 01 14:34 IST
"test_priority_inherit" time elapsed: 00:00:00
----------------------------------------------------------

8/28 Testing: test_heap
8/28 Test: test_heap
Command: "/Users/kartikey/Desktop/task/eos/bsan2/tests/test_heap"
Directory: /Users/kartikey/Desktop/task/eos/bsan2/tests
"test_heap" start time: Sep 01 14:34 IST
Output:
----------------------------------------------------------
heap tests passed
<end of output>
Test time =   0.44 sec
----------------------------------------------------------
Test Passed.
"test_heap" end time: Sep 01 14:34 IST
"test_heap" time elapsed: 00:00:00
----------------------------------------------------------

9/28 Testing: test_multicore
9/28 Test: test_multicore
Command: "/Users/kartikey/Desktop/task/eos/bsan2/tests/test_multicore"
Directory: /Users/kartikey/Desktop/task/eos/bsan2/tests
"test_multicore" start time: Sep 01 14:34 IST
Output:
----------------------------------------------------------
=== EoS Multicore Tests ===
[PASS] multicore init/deinit SMP
[PASS] multicore init AMP
[PASS] core count >= 1
[PASS] core id == 0 (boot core)
[PASS] core get info
[PASS] core get info null
[PASS] core get info invalid id
[PASS] core start
[PASS] core stop
[PASS] spinlock basic
[PASS] spinlock trylock
[PASS] spinlock irqsave
[PASS] ipi send
[PASS] ipi broadcast
[PASS] ipi register handler
[PASS] shmem create/close
[PASS] shmem open
[PASS] shmem flush/invalidate
[PASS] task affinity set/get
[PASS] task migrate
[PASS] atomic add
[PASS] atomic sub
[PASS] atomic CAS success
[PASS] atomic CAS fail
[PASS] atomic load/store
[PASS] memory barriers (no crash)
[PASS] rproc init
[PASS] rproc start/stop

=== ALL 28 MULTICORE TESTS PASSED ===
<end of output>
Test time =   0.62 sec
----------------------------------------------------------
Test Passed.
"test_multicore" end time: Sep 01 14:34 IST
"test_multicore" time elapsed: 00:00:00
----------------------------------------------------------

10/28 Testing: test_drivers
10/28 Test: test_drivers
Command: "/Users/kartikey/Desktop/task/eos/bsan2/tests/test_drivers"
Directory: /Users/kartikey/Desktop/task/eos/bsan2/tests
"test_drivers" start time: Sep 01 14:34 IST
Output:
----------------------------------------------------------
=== EoS: Driver Framework Unit Tests ===

  test_register                                      [PASS]
  test_find_by_name                                  [PASS]
  test_find_by_type                                  [PASS]
  test_find_nonexistent                              [PASS]
  test_init_all                                      [PASS]
  test_open_close_lifecycle                          [PASS]
  test_open_before_init_fails                        [PASS]
  test_register_null                                 [PASS]

8/8 tests passed
<end of output>
Test time =   0.53 sec
----------------------------------------------------------
Test Passed.
"test_drivers" end time: Sep 01 14:35 IST
"test_drivers" time elapsed: 00:00:00
----------------------------------------------------------

11/28 Testing: test_crypto
11/28 Test: test_crypto
Command: "/Users/kartikey/Desktop/task/eos/bsan2/tests/test_crypto"
Directory: /Users/kartikey/Desktop/task/eos/bsan2/tests
"test_crypto" start time: Sep 01 14:35 IST
Output:
----------------------------------------------------------
=== EoS Crypto Tests ===
[PASS] sha256 empty
[PASS] sha256 abc
[PASS] sha256 NIST 448-bit
[PASS] sha256 incremental
[PASS] sha256 null safety
[PASS] crc32
[PASS] crc32 incremental
=== ALL CRYPTO TESTS PASSED (7/7) ===
<end of output>
Test time =   0.49 sec
----------------------------------------------------------
Test Passed.
"test_crypto" end time: Sep 01 14:35 IST
"test_crypto" time elapsed: 00:00:00
----------------------------------------------------------

12/28 Testing: test_crypto_aes
12/28 Test: test_crypto_aes
Command: "/Users/kartikey/Desktop/task/eos/bsan2/tests/test_crypto_aes"
Directory: /Users/kartikey/Desktop/task/eos/bsan2/tests
"test_crypto_aes" start time: Sep 01 14:35 IST
Output:
----------------------------------------------------------
=== EoS: AES Encryption Unit Tests ===

  test_aes128_ecb_encrypt                            [PASS]
  test_aes128_ecb_decrypt                            [PASS]
  test_aes128_roundtrip                              [PASS]
  test_aes256_ecb_encrypt                            [PASS]
  test_aes256_ecb_decrypt                            [PASS]
  test_aes256_roundtrip                              [PASS]
  test_aes128_cbc_roundtrip                          [PASS]
  test_aes256_cbc_roundtrip                          [PASS]
  test_aes_null_safety                               [PASS]
  test_aes_different_keys_produce_different_ciphertext [PASS]
  test_aes_rejects_oversized_key_bits                [PASS]
  test_aes_rejects_zero_key_bits                     [PASS]
  test_aes_rejects_short_key_bits                    [PASS]
  test_aes_rejects_negative_key_bits                 [PASS]
  test_aes_rejects_null_key                          [PASS]
  test_aes_accepts_standard_key_sizes                [PASS]

16/16 tests passed
<end of output>
Test time =   0.45 sec
----------------------------------------------------------
Test Passed.
"test_crypto_aes" end time: Sep 01 14:35 IST
"test_crypto_aes" time elapsed: 00:00:00
----------------------------------------------------------

13/28 Testing: test_crypto_ecc
13/28 Test: test_crypto_ecc
Command: "/Users/kartikey/Desktop/task/eos/bsan2/tests/test_crypto_ecc"
Directory: /Users/kartikey/Desktop/task/eos/bsan2/tests
"test_crypto_ecc" start time: Sep 01 14:35 IST
Output:
----------------------------------------------------------
eos-crypto: eos_ecc_verify is an unimplemented stub and refuses to run; build with EOS_ALLOW_STUB_CRYPTO only for tests
eos-crypto: eos_ecc_verify is an unimplemented stub and refuses to run; build with EOS_ALLOW_STUB_CRYPTO only for tests
eos-crypto: eos_ecc_verify is an unimplemented stub and refuses to run; build with EOS_ALLOW_STUB_CRYPTO only for tests
=== EoS: ECC Crypto Unit Tests ===

  test_ecc_sign_returns_status                       [PASS]
  test_ecc_verify_returns_status                     [PASS]
  test_ecc_sign_null_key                             [PASS]
  test_ecc_verify_null_key                           [PASS]
  test_ecc_sign_null_hash                            [PASS]
  test_ecc_verify_null_sig                           [PASS]
  test_ecc_key_structure                             [PASS]

7/7 tests passed
<end of output>
Test time =   0.53 sec
----------------------------------------------------------
Test Passed.
"test_crypto_ecc" end time: Sep 01 14:35 IST
"test_crypto_ecc" time elapsed: 00:00:00
----------------------------------------------------------

14/28 Testing: test_crypto_rsa
14/28 Test: test_crypto_rsa
Command: "/Users/kartikey/Desktop/task/eos/bsan2/tests/test_crypto_rsa"
Directory: /Users/kartikey/Desktop/task/eos/bsan2/tests
"test_crypto_rsa" start time: Sep 01 14:35 IST
Output:
----------------------------------------------------------
eos-crypto: eos_rsa_verify_sha256 is an unimplemented stub and refuses to run; build with EOS_ALLOW_STUB_CRYPTO only for tests
eos-crypto: eos_rsa_verify_sha256 is an unimplemented stub and refuses to run; build with EOS_ALLOW_STUB_CRYPTO only for tests
eos-crypto: eos_rsa_verify_sha256 is an unimplemented stub and refuses to run; build with EOS_ALLOW_STUB_CRYPTO only for tests
=== EoS: RSA Crypto Unit Tests ===

  test_rsa_sign_returns_status                       [PASS]
  test_rsa_verify_returns_status                     [PASS]
  test_rsa_sign_null_key                             [PASS]
  test_rsa_verify_null_key                           [PASS]
  test_rsa_sign_null_hash                            [PASS]
  test_rsa_verify_null_sig                           [PASS]
  test_rsa_key_structure_size                        [PASS]

7/7 tests passed
<end of output>
Test time =   0.44 sec
----------------------------------------------------------
Test Passed.
"test_crypto_rsa" end time: Sep 01 14:35 IST
"test_crypto_rsa" time elapsed: 00:00:00
----------------------------------------------------------

15/28 Testing: test_crypto_sha512
15/28 Test: test_crypto_sha512
Command: "/Users/kartikey/Desktop/task/eos/bsan2/tests/test_crypto_sha512"
Directory: /Users/kartikey/Desktop/task/eos/bsan2/tests
"test_crypto_sha512" start time: Sep 01 14:35 IST
Output:
----------------------------------------------------------
=== EoS: SHA-512 Unit Tests ===

  test_sha512_empty                                  [PASS]
  test_sha512_abc                                    [PASS]
  test_sha512_nist_448bit                            [PASS]
  test_sha512_incremental                            [PASS]
  test_sha512_null_safety                            [PASS]
  test_sha512_digest_size                            [PASS]

6/6 tests passed
<end of output>
Test time =   0.49 sec
----------------------------------------------------------
Test Passed.
"test_crypto_sha512" end time: Sep 01 14:35 IST
"test_crypto_sha512" time elapsed: 00:00:00
----------------------------------------------------------

16/28 Testing: test_security
16/28 Test: test_security
Command: "/Users/kartikey/Desktop/task/eos/bsan2/tests/test_security"
Directory: /Users/kartikey/Desktop/task/eos/bsan2/tests
"test_security" start time: Sep 01 14:35 IST
Output:
----------------------------------------------------------
=== EoS: Security Services Unit Tests ===

  test_secureboot_init                               [PASS]
  test_keystore_add_find                             [PASS]
  test_keystore_not_found                            [PASS]
  test_keystore_multiple_keys                        [PASS]
  test_acl_allow_deny                                [PASS]
  test_acl_default_deny                              [PASS]
  test_acl_wildcard                                  [PASS]
  test_acl_last_match_wins                           [PASS]

8/8 tests passed
<end of output>
Test time =   0.46 sec
----------------------------------------------------------
Test Passed.
"test_security" end time: Sep 01 14:35 IST
"test_security" time elapsed: 00:00:00
----------------------------------------------------------

Unable to find executable: /Users/kartikey/Desktop/task/eos/bsan2/tests/test_os_services
17/28 Testing: test_os_services
17/28 Test: test_os_services
Command: ""
Directory: /Users/kartikey/Desktop/task/eos/bsan2/tests
"test_os_services" start time: 
Output:
----------------------------------------------------------
<end of output>
Test time =   0.00 sec
----------------------------------------------------------
Test Passed.
"test_os_services" end time: Sep 01 14:35 IST
"test_os_services" time elapsed: 00:00:00
----------------------------------------------------------

18/28 Testing: test_ota
18/28 Test: test_ota
Command: "/Users/kartikey/Desktop/task/eos/bsan2/tests/test_ota"
Directory: /Users/kartikey/Desktop/task/eos/bsan2/tests
"test_ota" start time: Sep 01 14:35 IST
Output:
----------------------------------------------------------
eos-ota: refusing to apply an update with no authenticator installed; expected_sha256 travels with the update and proves nothing about its origin. Call eos_ota_set_authenticator(), or build with EOS_ALLOW_UNSIGNED_OTA.
eos-ota: refusing to apply an update with no authenticator installed; expected_sha256 travels with the update and proves nothing about its origin. Call eos_ota_set_authenticator(), or build with EOS_ALLOW_UNSIGNED_OTA.
=== EoS OTA Tests ===
[PASS] ota init
[PASS] ota full update
[PASS] ota verify fail
[PASS] ota rollback
[PASS] ota status
[PASS] ota apply refuses without authenticator
[PASS] ota apply honours a rejecting authenticator
[PASS] ota authenticator sees the computed digest
[PASS] ota unapplied slot is not a rollback target
=== ALL OTA TESTS PASSED (9/9) ===
<end of output>
Test time =   0.55 sec
----------------------------------------------------------
Test Passed.
"test_ota" end time: Sep 01 14:35 IST
"test_ota" time elapsed: 00:00:00
----------------------------------------------------------

19/28 Testing: test_sensor
19/28 Test: test_sensor
Command: "/Users/kartikey/Desktop/task/eos/bsan2/tests/test_sensor"
Directory: /Users/kartikey/Desktop/task/eos/bsan2/tests
"test_sensor" start time: Sep 01 14:35 IST
Output:
----------------------------------------------------------
=== EoS Sensor Tests ===
[PASS] sensor init
[PASS] sensor register
[PASS] sensor register invalid filter config
[PASS] sensor read
[PASS] sensor calibrate
[PASS] sensor filter
[PASS] sensor filter window
[PASS] sensor filter window one
[PASS] sensor filter default max
[PASS] sensor filter exact max
[PASS] sensor filter invalid window
[PASS] sensor filter invalid type
[PASS] sensor null
=== ALL SENSOR TESTS PASSED (13/13) ===
<end of output>
Test time =   0.46 sec
----------------------------------------------------------
Test Passed.
"test_sensor" end time: Sep 01 14:35 IST
"test_sensor" time elapsed: 00:00:00
----------------------------------------------------------

20/28 Testing: test_filesystem
20/28 Test: test_filesystem
Command: "/Users/kartikey/Desktop/task/eos/bsan2/tests/test_filesystem"
Directory: /Users/kartikey/Desktop/task/eos/bsan2/tests
"test_filesystem" start time: Sep 01 14:35 IST
Output:
----------------------------------------------------------
=== EoS Filesystem Tests ===
[PASS] fs init
[PASS] fs write/read
[PASS] fs seek
[PASS] fs truncate
[PASS] fs truncate growth zero-fills stale bytes
[PASS] fs sparse write zero-fills gap
[PASS] fs dir
[PASS] fs remove/rename
[PASS] fs format
[PASS] fs remove with open fd does not alias
[PASS] fs unlinked inode reclaimed on close
[PASS] fs used_bytes never underflows
[PASS] fs rename replaces existing target
[PASS] fs rename onto itself is a no-op
[PASS] fs open does not leak inode when fds exhausted
=== ALL FS TESTS PASSED (15/15) ===
<end of output>
Test time =   0.45 sec
----------------------------------------------------------
Test Passed.
"test_filesystem" end time: Sep 01 14:35 IST
"test_filesystem" time elapsed: 00:00:00
----------------------------------------------------------

21/28 Testing: test_service
21/28 Test: test_service
Command: "/Users/kartikey/Desktop/task/eos/bsan2/tests/test_service"
Directory: /Users/kartikey/Desktop/task/eos/bsan2/tests
"test_service" start time: Sep 01 14:35 IST
Output:
----------------------------------------------------------
=== EoS Service Manager Tests ===
[PASS] service init
[PASS] service register
[PASS] service start/stop
[PASS] service start failure
[PASS] service dependencies
[PASS] service start_all/stop_all
[PASS] service restart
=== ALL SERVICE TESTS PASSED ===
<end of output>
Test time =   0.44 sec
----------------------------------------------------------
Test Passed.
"test_service" end time: Sep 01 14:35 IST
"test_service" time elapsed: 00:00:00
----------------------------------------------------------

22/28 Testing: test_debug
22/28 Test: test_debug
Command: "/Users/kartikey/Desktop/task/eos/bsan2/tests/test_debug"
Directory: /Users/kartikey/Desktop/task/eos/bsan2/tests
"test_debug" start time: Sep 01 14:35 IST
Output:
----------------------------------------------------------
=== EoS Debug Tests ===
[PASS] gdb init
[PASS] gdb breakpoints
[PASS] gdb start/stop
[PASS] gdb rejects M packet with truncated payload
[PASS] gdb rejects M packet with short payload
[PASS] gdb rejects M packet with non-hex payload
[PASS] gdb rejects M packet with oversized length
[PASS] gdb qSupported round-trip
[PASS] coredump init
[PASS] coredump capture + validate
[PASS] coredump clear
[PASS] coredump CRC validation
=== ALL DEBUG TESTS PASSED ===
<end of output>
Test time =   0.47 sec
----------------------------------------------------------
Test Passed.
"test_debug" end time: Sep 01 14:35 IST
"test_debug" time elapsed: 00:00:00
----------------------------------------------------------

23/28 Testing: test_ui_gesture
23/28 Test: test_ui_gesture
Command: "/Users/kartikey/Desktop/task/eos/bsan2/tests/test_ui_gesture"
Directory: /Users/kartikey/Desktop/task/eos/bsan2/tests
"test_ui_gesture" start time: Sep 01 14:35 IST
Output:
----------------------------------------------------------
=== EoS: UI Gesture State Machine Unit Tests ===

  test_on_gesture_registers_callback                      [PASS]
  test_on_gesture_null_cb_rejected                        [PASS]
  test_on_gesture_max_callbacks                           [PASS]
  test_configure_gestures_null_rejected                   [PASS]
  test_configure_gestures_applies                         [PASS]
  test_tap_basic                                          [PASS]
  test_tap_callback_mask_filters                          [PASS]
  test_double_tap                                         [PASS]
  test_double_tap_too_slow_becomes_two_taps               [PASS]
  test_long_press                                         [PASS]
  test_swipe_left                                         [PASS]
  test_swipe_right                                        [PASS]
  test_swipe_up                                           [PASS]
  test_swipe_down                                         [PASS]
  test_small_movement_is_tap_not_swipe                    [PASS]
  test_pinch_out                                          [PASS]
  test_pinch_in                                           [PASS]
  test_pinch_below_threshold_no_event                     [PASS]
  test_zero_count_noop                                    [PASS]
  test_custom_swipe_threshold                             [PASS]
  test_custom_long_press_threshold                        [PASS]
  test_event_fields_swipe                                 [PASS]
  test_callback_context_forwarded                         [PASS]
  test_multiple_callbacks_selective_delivery              [PASS]
  test_diagonal_dominant_axis                             [PASS]

25/25 tests passed
<end of output>
Test time =   0.46 sec
----------------------------------------------------------
Test Passed.
"test_ui_gesture" end time: Sep 01 14:35 IST
"test_ui_gesture" time elapsed: 00:00:00
----------------------------------------------------------

24/28 Testing: test_power
24/28 Test: test_power
Command: "/Users/kartikey/Desktop/task/eos/bsan2/tests/test_power"
Directory: /Users/kartikey/Desktop/task/eos/bsan2/tests
"test_power" start time: Sep 01 14:35 IST
Output:
----------------------------------------------------------
=== EoS Power Management Tests ===
[PASS] power init/deinit
[PASS] power init null
[PASS] power default mode RUN
[PASS] power enter sleep
[PASS] power enter deep sleep
[PASS] power enter invalid mode
[PASS] power set wake sources
[PASS] power battery mv
[PASS] power battery pct <= 100
[PASS] power battery info
[PASS] power battery info null
[PASS] power periph enable
[PASS] power periph disable
[PASS] power periph invalid id
[PASS] power cpu freq

=== ALL 15 POWER TESTS PASSED ===
<end of output>
Test time =   0.53 sec
----------------------------------------------------------
Test Passed.
"test_power" end time: Sep 01 14:35 IST
"test_power" time elapsed: 00:00:00
----------------------------------------------------------

25/28 Testing: test_net
25/28 Test: test_net
Command: "/Users/kartikey/Desktop/task/eos/bsan2/tests/test_net"
Directory: /Users/kartikey/Desktop/task/eos/bsan2/tests
"test_net" start time: Sep 01 14:35 IST
Output:
----------------------------------------------------------
=== EoS Networking Tests ===
[PASS] net init/deinit
[PASS] net socket TCP
[PASS] net socket UDP
[PASS] net socket invalid protocol
[PASS] net bind
[PASS] net listen
[PASS] net close
[PASS] net close invalid
[PASS] net resolve (no crash)
[PASS] net resolve null
[PASS] net send (no crash)
[PASS] net recv (no crash)
[PASS] http get (no crash)
[PASS] http post (no crash)
[PASS] mqtt connect (no crash)
[PASS] mdns init/deinit
[PASS] net tcp round trip
[PASS] net resolve localhost
[PASS] net connect to a closed port fails

=== ALL 19 NET TESTS PASSED ===
<end of output>
Test time =   0.51 sec
----------------------------------------------------------
Test Passed.
"test_net" end time: Sep 01 14:35 IST
"test_net" time elapsed: 00:00:00
----------------------------------------------------------

26/28 Testing: test_motor_ctrl
26/28 Test: test_motor_ctrl
Command: "/Users/kartikey/Desktop/task/eos/bsan2/tests/test_motor_ctrl"
Directory: /Users/kartikey/Desktop/task/eos/bsan2/tests
"test_motor_ctrl" start time: Sep 01 14:35 IST
Output:
----------------------------------------------------------
=== EoS Motor Control Tests ===
[PASS] motor init/deinit
[PASS] motor configure
[PASS] motor configure null
[PASS] motor set speed
[PASS] motor set position
[PASS] motor move relative
[PASS] motor stop
[PASS] motor emergency stop
[PASS] motor reset position
[PASS] motor get status
[PASS] motor get status null
[PASS] motor remove
[PASS] motor update loop
[PASS] motor set PID
[PASS] motor trajectory

=== ALL 15 MOTOR TESTS PASSED ===
<end of output>
Test time =   0.46 sec
----------------------------------------------------------
Test Passed.
"test_motor_ctrl" end time: Sep 01 14:35 IST
"test_motor_ctrl" time elapsed: 00:00:00
----------------------------------------------------------

27/28 Testing: test_package
27/28 Test: test_package
Command: "/Users/kartikey/Desktop/task/eos/bsan2/tests/test_package"
Directory: /Users/kartikey/Desktop/task/eos/bsan2/tests
"test_package" start time: Sep 01 14:35 IST
Output:
----------------------------------------------------------
=== EoS Package Tests ===
[PASS] package register
[PASS] package find
[PASS] package find not found
[PASS] package find null set
[PASS] package register multiple
[PASS] package init all
[PASS] package build type

=== ALL 7 PACKAGE TESTS PASSED ===
<end of output>
Test time =   0.48 sec
----------------------------------------------------------
Test Passed.
"test_package" end time: Sep 01 14:35 IST
"test_package" time elapsed: 00:00:00
----------------------------------------------------------

28/28 Testing: test_devicetree
28/28 Test: test_devicetree
Command: "/Users/kartikey/Desktop/task/eos/bsan2/tests/test_devicetree"
Directory: /Users/kartikey/Desktop/task/eos/bsan2/tests
"test_devicetree" start time: Sep 01 14:35 IST
Output:
----------------------------------------------------------
=== EoS Device Tree Parser Tests ===

test_parse_valid_blob:
  PASS: well-formed blob parses
  PASS: root plus one child node
  PASS: version read from header
  PASS: model cached at root
  PASS: compatible cached at root
test_lookup_and_property_access:
  PASS: root resolves
  PASS: child node resolves by path
  PASS: unknown path returns NULL
  PASS: child links back to its parent
  PASS: reg property present
  PASS: absent property is NULL
  PASS: reg decodes
  PASS: reg holds address and size
  PASS: first interrupt decodes
  PASS: second interrupt decodes
  PASS: index past the array is rejected
  PASS: negative index is rejected
  PASS: index that would overflow the offset is rejected
  PASS: u32 property decodes
  PASS: phandle lookup works
  PASS: compatible lookup finds the root
  PASS: unknown compatible returns NULL
  PASS: string property copies out
test_rejects_malformed_blobs:
  PASS: NULL arguments rejected
  PASS: blob shorter than the header is rejected
  PASS: bad magic is rejected
  PASS: struct offset past the buffer is rejected
  PASS: totalsize larger than the buffer is rejected
  PASS: unterminated node name is rejected
  PASS: property name offset outside the strings block is rejected
  PASS: nesting deeper than the node stack is rejected
  PASS: unbalanced END_NODE is rejected
  PASS: property length past the struct block is rejected
  PASS: missing FDT_END is rejected
test_truncations_never_overrun:
  PASS: every truncation of a valid blob is rejected
  PASS: the untruncated blob still parses
test_single_byte_corruption_is_safe:
  PASS: single-byte corruption never reads outside the blob

37/37 assertions passed
<end of output>
Test time =   0.48 sec
----------------------------------------------------------
Test Passed.
"test_devicetree" end time: Sep 01 14:35 IST
"test_devicetree" time elapsed: 00:00:00
----------------------------------------------------------

End testing: Sep 01 14:35 IST
